{"C:\\Users\\isabe\\Desktop\\shopapp\\shopapp\\src\\components\\Catalog\\index.tsx": {"path":"C:\\Users\\isabe\\Desktop\\shopapp\\shopapp\\src\\components\\Catalog\\index.tsx","statementMap":{"0":{"start":{"line":7,"column":16},"end":{"line":32,"column":1}},"1":{"start":{"line":8,"column":28},"end":{"line":8,"column":54}},"2":{"start":{"line":10,"column":2},"end":{"line":31,"column":3}},"3":{"start":{"line":19,"column":12},"end":{"line":19,"column":30}}},"fnMap":{"0":{"name":"(anonymous_0)","decl":{"start":{"line":7,"column":16},"end":{"line":7,"column":17}},"loc":{"start":{"line":7,"column":22},"end":{"line":32,"column":1}},"line":7},"1":{"name":"(anonymous_1)","decl":{"start":{"line":18,"column":20},"end":{"line":18,"column":21}},"loc":{"start":{"line":18,"column":41},"end":{"line":20,"column":11}},"line":18}},"branchMap":{},"s":{"0":1,"1":2,"2":2,"3":0},"f":{"0":2,"1":0},"b":{},"_coverageSchema":"1a1c01bbd47fc00a2c39e90264f33305004495a9","hash":"644bea953a13e6bcbc30903f186ce1a26e064e72"}
,"C:\\Users\\isabe\\Desktop\\shopapp\\shopapp\\src\\components\\Catalog\\styles.ts": {"path":"C:\\Users\\isabe\\Desktop\\shopapp\\shopapp\\src\\components\\Catalog\\styles.ts","statementMap":{"0":{"start":{"line":3,"column":32},"end":{"line":3,"column":44}},"1":{"start":{"line":5,"column":27},"end":{"line":8,"column":1}},"2":{"start":{"line":10,"column":26},"end":{"line":13,"column":1}},"3":{"start":{"line":15,"column":27},"end":{"line":19,"column":1}},"4":{"start":{"line":21,"column":28},"end":{"line":25,"column":1}},"5":{"start":{"line":26,"column":19},"end":{"line":33,"column":1}},"6":{"start":{"line":34,"column":29},"end":{"line":36,"column":1}}},"fnMap":{},"branchMap":{},"s":{"0":1,"1":1,"2":1,"3":1,"4":1,"5":1,"6":1},"f":{},"b":{},"_coverageSchema":"1a1c01bbd47fc00a2c39e90264f33305004495a9","hash":"4ae695838b1cf881ff8bf9bc388721f1733c8833"}
,"C:\\Users\\isabe\\Desktop\\shopapp\\shopapp\\src\\components\\FilterSection\\index.tsx": {"path":"C:\\Users\\isabe\\Desktop\\shopapp\\shopapp\\src\\components\\FilterSection\\index.tsx","statementMap":{"0":{"start":{"line":17,"column":16},"end":{"line":30,"column":1}},"1":{"start":{"line":32,"column":22},"end":{"line":93,"column":1}},"2":{"start":{"line":33,"column":30},"end":{"line":37,"column":4}},"3":{"start":{"line":40,"column":4},"end":{"line":42,"column":5}},"4":{"start":{"line":40,"column":27},"end":{"line":42,"column":5}},"5":{"start":{"line":41,"column":6},"end":{"line":41,"column":58}},"6":{"start":{"line":44,"column":2},"end":{"line":92,"column":3}},"7":{"start":{"line":81,"column":14},"end":{"line":83,"column":25}}},"fnMap":{"0":{"name":"(anonymous_0)","decl":{"start":{"line":32,"column":22},"end":{"line":32,"column":23}},"loc":{"start":{"line":32,"column":28},"end":{"line":93,"column":1}},"line":32},"1":{"name":"(anonymous_1)","decl":{"start":{"line":40,"column":4},"end":{"line":40,"column":5}},"loc":{"start":{"line":40,"column":27},"end":{"line":42,"column":5}},"line":40},"2":{"name":"(anonymous_2)","decl":{"start":{"line":40,"column":27},"end":{"line":40,"column":28}},"loc":{"start":{"line":40,"column":75},"end":{"line":42,"column":5}},"line":40},"3":{"name":"(anonymous_3)","decl":{"start":{"line":80,"column":25},"end":{"line":80,"column":26}},"loc":{"start":{"line":81,"column":14},"end":{"line":83,"column":25}},"line":81}},"branchMap":{},"s":{"0":0,"1":0,"2":0,"3":0,"4":0,"5":0,"6":0,"7":0},"f":{"0":0,"1":0,"2":0,"3":0},"b":{}}
,"C:\\Users\\isabe\\Desktop\\shopapp\\shopapp\\src\\components\\FilterSection\\styles.ts": {"path":"C:\\Users\\isabe\\Desktop\\shopapp\\shopapp\\src\\components\\FilterSection\\styles.ts","statementMap":{"0":{"start":{"line":3,"column":32},"end":{"line":12,"column":1}},"1":{"start":{"line":14,"column":29},"end":{"line":19,"column":1}},"2":{"start":{"line":21,"column":29},"end":{"line":26,"column":1}}},"fnMap":{},"branchMap":{},"s":{"0":0,"1":0,"2":0},"f":{},"b":{}}
,"C:\\Users\\isabe\\Desktop\\shopapp\\shopapp\\src\\components\\Header\\index.tsx": {"path":"C:\\Users\\isabe\\Desktop\\shopapp\\shopapp\\src\\components\\Header\\index.tsx","statementMap":{"0":{"start":{"line":10,"column":18},"end":{"line":10,"column":40}},"1":{"start":{"line":12,"column":15},"end":{"line":32,"column":1}},"2":{"start":{"line":13,"column":2},"end":{"line":31,"column":22}},"3":{"start":{"line":24,"column":10},"end":{"line":26,"column":21}}},"fnMap":{"0":{"name":"(anonymous_0)","decl":{"start":{"line":12,"column":15},"end":{"line":12,"column":16}},"loc":{"start":{"line":13,"column":2},"end":{"line":31,"column":22}},"line":13},"1":{"name":"(anonymous_1)","decl":{"start":{"line":23,"column":23},"end":{"line":23,"column":24}},"loc":{"start":{"line":24,"column":10},"end":{"line":26,"column":21}},"line":24}},"branchMap":{},"s":{"0":0,"1":0,"2":0,"3":0},"f":{"0":0,"1":0},"b":{}}
,"C:\\Users\\isabe\\Desktop\\shopapp\\shopapp\\src\\components\\Header\\styles.ts": {"path":"C:\\Users\\isabe\\Desktop\\shopapp\\shopapp\\src\\components\\Header\\styles.ts","statementMap":{"0":{"start":{"line":3,"column":31},"end":{"line":9,"column":1}},"1":{"start":{"line":11,"column":27},"end":{"line":17,"column":1}},"2":{"start":{"line":19,"column":32},"end":{"line":22,"column":1}}},"fnMap":{},"branchMap":{},"s":{"0":0,"1":0,"2":0},"f":{},"b":{}}
,"C:\\Users\\isabe\\Desktop\\shopapp\\shopapp\\src\\components\\Main\\index.tsx": {"path":"C:\\Users\\isabe\\Desktop\\shopapp\\shopapp\\src\\components\\Main\\index.tsx","statementMap":{"0":{"start":{"line":10,"column":15},"end":{"line":19,"column":1}},"1":{"start":{"line":21,"column":13},"end":{"line":52,"column":1}},"2":{"start":{"line":22,"column":36},"end":{"line":22,"column":48}},"3":{"start":{"line":24,"column":23},"end":{"line":26,"column":3}},"4":{"start":{"line":25,"column":4},"end":{"line":25,"column":36}},"5":{"start":{"line":28,"column":2},"end":{"line":51,"column":3}},"6":{"start":{"line":42,"column":12},"end":{"line":44,"column":23}}},"fnMap":{"0":{"name":"(anonymous_0)","decl":{"start":{"line":21,"column":13},"end":{"line":21,"column":14}},"loc":{"start":{"line":21,"column":19},"end":{"line":52,"column":1}},"line":21},"1":{"name":"(anonymous_1)","decl":{"start":{"line":24,"column":23},"end":{"line":24,"column":24}},"loc":{"start":{"line":24,"column":34},"end":{"line":26,"column":3}},"line":24},"2":{"name":"(anonymous_2)","decl":{"start":{"line":41,"column":22},"end":{"line":41,"column":23}},"loc":{"start":{"line":42,"column":12},"end":{"line":44,"column":23}},"line":42}},"branchMap":{},"s":{"0":1,"1":1,"2":3,"3":2,"4":0,"5":2,"6":4},"f":{"0":3,"1":0,"2":4},"b":{},"_coverageSchema":"1a1c01bbd47fc00a2c39e90264f33305004495a9","hash":"115a2e188b3c85d6d78b2d60319253c8c9b95e74"}
,"C:\\Users\\isabe\\Desktop\\shopapp\\shopapp\\src\\components\\Main\\styles.ts": {"path":"C:\\Users\\isabe\\Desktop\\shopapp\\shopapp\\src\\components\\Main\\styles.ts","statementMap":{"0":{"start":{"line":3,"column":23},"end":{"line":13,"column":1}},"1":{"start":{"line":15,"column":21},"end":{"line":17,"column":1}}},"fnMap":{},"branchMap":{},"s":{"0":1,"1":1},"f":{},"b":{},"_coverageSchema":"1a1c01bbd47fc00a2c39e90264f33305004495a9","hash":"b706d48539e8a666c2602b3d42f249dd10f88970"}
,"C:\\Users\\isabe\\Desktop\\shopapp\\shopapp\\src\\components\\SearchBar\\index.tsx": {"path":"C:\\Users\\isabe\\Desktop\\shopapp\\shopapp\\src\\components\\SearchBar\\index.tsx","statementMap":{"0":{"start":{"line":5,"column":18},"end":{"line":16,"column":1}},"1":{"start":{"line":6,"column":2},"end":{"line":15,"column":25}}},"fnMap":{"0":{"name":"(anonymous_0)","decl":{"start":{"line":5,"column":18},"end":{"line":5,"column":19}},"loc":{"start":{"line":6,"column":2},"end":{"line":15,"column":25}},"line":6}},"branchMap":{},"s":{"0":0,"1":0},"f":{"0":0},"b":{}}
,"C:\\Users\\isabe\\Desktop\\shopapp\\shopapp\\src\\components\\SearchBar\\styles.ts": {"path":"C:\\Users\\isabe\\Desktop\\shopapp\\shopapp\\src\\components\\SearchBar\\styles.ts","statementMap":{"0":{"start":{"line":3,"column":34},"end":{"line":17,"column":1}},"1":{"start":{"line":19,"column":26},"end":{"line":23,"column":1}},"2":{"start":{"line":25,"column":26},"end":{"line":28,"column":1}}},"fnMap":{},"branchMap":{},"s":{"0":0,"1":0,"2":0},"f":{},"b":{}}
,"C:\\Users\\isabe\\Desktop\\shopapp\\shopapp\\src\\components\\SubTotal\\index.tsx": {"path":"C:\\Users\\isabe\\Desktop\\shopapp\\shopapp\\src\\components\\SubTotal\\index.tsx","statementMap":{"0":{"start":{"line":6,"column":17},"end":{"line":21,"column":1}},"1":{"start":{"line":7,"column":28},"end":{"line":7,"column":39}},"2":{"start":{"line":9,"column":2},"end":{"line":20,"column":3}},"3":{"start":{"line":15,"column":25},"end":{"line":15,"column":36}}},"fnMap":{"0":{"name":"(anonymous_0)","decl":{"start":{"line":6,"column":17},"end":{"line":6,"column":18}},"loc":{"start":{"line":6,"column":23},"end":{"line":21,"column":1}},"line":6},"1":{"name":"(anonymous_1)","decl":{"start":{"line":15,"column":19},"end":{"line":15,"column":20}},"loc":{"start":{"line":15,"column":25},"end":{"line":15,"column":36}},"line":15}},"branchMap":{},"s":{"0":0,"1":0,"2":0,"3":0},"f":{"0":0,"1":0},"b":{}}
,"C:\\Users\\isabe\\Desktop\\shopapp\\shopapp\\src\\components\\SubTotal\\styles.ts": {"path":"C:\\Users\\isabe\\Desktop\\shopapp\\shopapp\\src\\components\\SubTotal\\styles.ts","statementMap":{"0":{"start":{"line":3,"column":33},"end":{"line":29,"column":1}},"1":{"start":{"line":31,"column":24},"end":{"line":34,"column":1}}},"fnMap":{},"branchMap":{},"s":{"0":0,"1":0},"f":{},"b":{}}
,"C:\\Users\\isabe\\Desktop\\shopapp\\shopapp\\src\\pages\\_app.tsx": {"path":"C:\\Users\\isabe\\Desktop\\shopapp\\shopapp\\src\\pages\\_app.tsx","statementMap":{"0":{"start":{"line":7,"column":2},"end":{"line":19,"column":3}}},"fnMap":{"0":{"name":"App","decl":{"start":{"line":6,"column":9},"end":{"line":6,"column":12}},"loc":{"start":{"line":6,"column":49},"end":{"line":20,"column":1}},"line":6}},"branchMap":{},"s":{"0":0},"f":{"0":0},"b":{}}
,"C:\\Users\\isabe\\Desktop\\shopapp\\shopapp\\src\\pages\\_document.tsx": {"path":"C:\\Users\\isabe\\Desktop\\shopapp\\shopapp\\src\\pages\\_document.tsx","statementMap":{"0":{"start":{"line":12,"column":18},"end":{"line":12,"column":40}},"1":{"start":{"line":13,"column":31},"end":{"line":13,"column":45}},"2":{"start":{"line":15,"column":4},"end":{"line":34,"column":5}},"3":{"start":{"line":16,"column":6},"end":{"line":20,"column":10}},"4":{"start":{"line":17,"column":8},"end":{"line":20,"column":10}},"5":{"start":{"line":18,"column":31},"end":{"line":19,"column":51}},"6":{"start":{"line":19,"column":12},"end":{"line":19,"column":51}},"7":{"start":{"line":22,"column":27},"end":{"line":22,"column":62}},"8":{"start":{"line":23,"column":6},"end":{"line":31,"column":7}},"9":{"start":{"line":33,"column":6},"end":{"line":33,"column":18}},"10":{"start":{"line":38,"column":4},"end":{"line":51,"column":5}}},"fnMap":{"0":{"name":"(anonymous_0)","decl":{"start":{"line":11,"column":2},"end":{"line":11,"column":3}},"loc":{"start":{"line":11,"column":53},"end":{"line":35,"column":3}},"line":11},"1":{"name":"(anonymous_1)","decl":{"start":{"line":16,"column":23},"end":{"line":16,"column":24}},"loc":{"start":{"line":17,"column":8},"end":{"line":20,"column":10}},"line":17},"2":{"name":"(anonymous_2)","decl":{"start":{"line":18,"column":22},"end":{"line":18,"column":23}},"loc":{"start":{"line":18,"column":31},"end":{"line":19,"column":51}},"line":18},"3":{"name":"(anonymous_3)","decl":{"start":{"line":18,"column":31},"end":{"line":18,"column":32}},"loc":{"start":{"line":19,"column":12},"end":{"line":19,"column":51}},"line":19},"4":{"name":"(anonymous_4)","decl":{"start":{"line":37,"column":2},"end":{"line":37,"column":3}},"loc":{"start":{"line":37,"column":11},"end":{"line":52,"column":3}},"line":37}},"branchMap":{},"s":{"0":0,"1":0,"2":0,"3":0,"4":0,"5":0,"6":0,"7":0,"8":0,"9":0,"10":0},"f":{"0":0,"1":0,"2":0,"3":0,"4":0},"b":{}}
,"C:\\Users\\isabe\\Desktop\\shopapp\\shopapp\\src\\pages\\index.tsx": {"path":"C:\\Users\\isabe\\Desktop\\shopapp\\shopapp\\src\\pages\\index.tsx","statementMap":{"0":{"start":{"line":6,"column":2},"end":{"line":12,"column":3}}},"fnMap":{"0":{"name":"Home","decl":{"start":{"line":5,"column":24},"end":{"line":5,"column":28}},"loc":{"start":{"line":5,"column":31},"end":{"line":13,"column":1}},"line":5}},"branchMap":{},"s":{"0":0},"f":{"0":0},"b":{}}
,"C:\\Users\\isabe\\Desktop\\shopapp\\shopapp\\src\\services\\index.tsx": {"path":"C:\\Users\\isabe\\Desktop\\shopapp\\shopapp\\src\\services\\index.tsx","statementMap":{"0":{"start":{"line":3,"column":26},"end":{"line":48,"column":1}},"1":{"start":{"line":4,"column":34},"end":{"line":19,"column":4}},"2":{"start":{"line":21,"column":24},"end":{"line":25,"column":3}},"3":{"start":{"line":27,"column":2},"end":{"line":47,"column":3}},"4":{"start":{"line":42,"column":12},"end":{"line":42,"column":55}}},"fnMap":{"0":{"name":"(anonymous_0)","decl":{"start":{"line":3,"column":26},"end":{"line":3,"column":27}},"loc":{"start":{"line":3,"column":32},"end":{"line":48,"column":1}},"line":3},"1":{"name":"(anonymous_1)","decl":{"start":{"line":41,"column":32},"end":{"line":41,"column":33}},"loc":{"start":{"line":42,"column":12},"end":{"line":42,"column":55}},"line":42}},"branchMap":{"0":{"loc":{"start":{"line":30,"column":7},"end":{"line":38,"column":7}},"type":"binary-expr","locations":[{"start":{"line":30,"column":7},"end":{"line":30,"column":12}},{"start":{"line":31,"column":8},"end":{"line":37,"column":14}}],"line":30},"1":{"loc":{"start":{"line":34,"column":11},"end":{"line":36,"column":11}},"type":"binary-expr","locations":[{"start":{"line":34,"column":11},"end":{"line":34,"column":25}},{"start":{"line":35,"column":12},"end":{"line":35,"column":64}}],"line":34},"2":{"loc":{"start":{"line":39,"column":7},"end":{"line":45,"column":7}},"type":"binary-expr","locations":[{"start":{"line":39,"column":7},"end":{"line":39,"column":11}},{"start":{"line":40,"column":8},"end":{"line":44,"column":13}}],"line":39}},"s":{"0":1,"1":2,"2":2,"3":2,"4":0},"f":{"0":2,"1":0},"b":{"0":[2,0],"1":[0,0],"2":[2,0]},"_coverageSchema":"1a1c01bbd47fc00a2c39e90264f33305004495a9","hash":"462bc5b6d35fc7206be5ae262c5937753f37ed71"}
,"C:\\Users\\isabe\\Desktop\\shopapp\\shopapp\\src\\styles\\global.ts": {"path":"C:\\Users\\isabe\\Desktop\\shopapp\\shopapp\\src\\styles\\global.ts","statementMap":{"0":{"start":{"line":3,"column":21},"end":{"line":23,"column":1}}},"fnMap":{},"branchMap":{},"s":{"0":0},"f":{},"b":{}}
,"C:\\Users\\isabe\\Desktop\\shopapp\\shopapp\\src\\types\\jest-styled-components.d.ts": {"path":"C:\\Users\\isabe\\Desktop\\shopapp\\shopapp\\src\\types\\jest-styled-components.d.ts","statementMap":{},"fnMap":{},"branchMap":{},"s":{},"f":{},"b":{}}
}
